[2025-11-15 14:40:03.734] [DEBUG   ] Ініціалізація шахової дошки
[2025-11-15 14:40:03.738] [INFO    ] Шахова дошка ініціалізована
[2025-11-15 14:40:03.738] [INFO    ] Початок нової шахової гри
[2025-11-15 14:40:03.738] [DEBUG   ] Ініціалізація шахової дошки
[2025-11-15 14:40:03.738] [INFO    ] Шахова дошка ініціалізована
[2025-11-15 14:40:05.832] [INFO    ] Хід виконано: Player1: (1, 2) -> (3, 2)
[2025-11-15 14:40:22.615] [DEBUG   ] Ініціалізація шахової дошки
[2025-11-15 14:40:22.624] [INFO    ] Шахова дошка ініціалізована
[2025-11-15 14:40:22.624] [INFO    ] Початок нової шахової гри
[2025-11-15 14:40:22.624] [DEBUG   ] Ініціалізація шахової дошки
[2025-11-15 14:40:22.624] [INFO    ] Шахова дошка ініціалізована
[2025-11-15 14:40:24.077] [INFO    ] Хід виконано: Player1: (1, 2) -> (3, 2)
[2025-11-15 14:40:26.963] [INFO    ] Хід виконано: Player2: (6, 2) -> (4, 2)
[2025-11-15 15:01:50.272] [DEBUG   ] Ініціалізація шахової дошки
[2025-11-15 15:01:50.276] [INFO    ] Шахова дошка ініціалізована
[2025-11-15 15:01:50.276] [INFO    ] Початок нової шахової гри
[2025-11-15 15:01:50.276] [DEBUG   ] Ініціалізація шахової дошки
[2025-11-15 15:01:50.276] [INFO    ] Шахова дошка ініціалізована
[2025-11-15 15:01:51.877] [INFO    ] Хід виконано: Player1: (1, 2) -> (3, 2)
[2025-11-15 15:01:51.880] [DEBUG   ] Ініціалізація шахової дошки
[2025-11-15 15:01:51.880] [INFO    ] Шахова дошка ініціалізована
[2025-11-15 15:01:51.880] [WARNING ] Спроба зробити хід, коли гра не в процесі
[2025-11-15 15:01:51.880] [DEBUG   ] Ініціалізація шахової дошки
[2025-11-15 15:01:51.880] [INFO    ] Шахова дошка ініціалізована
[2025-11-15 15:01:51.880] [WARNING ] Спроба зробити хід, коли гра не в процесі
[2025-11-15 15:01:51.880] [DEBUG   ] Ініціалізація шахової дошки
[2025-11-15 15:01:51.880] [INFO    ] Шахова дошка ініціалізована
[2025-11-15 15:01:51.880] [WARNING ] Спроба зробити хід, коли гра не в процесі
[2025-11-15 15:01:51.880] [DEBUG   ] Ініціалізація шахової дошки
[2025-11-15 15:01:51.880] [INFO    ] Шахова дошка ініціалізована
[2025-11-15 15:01:51.880] [WARNING ] Спроба зробити хід, коли гра не в процесі
[2025-11-15 15:01:51.880] [DEBUG   ] Ініціалізація шахової дошки
[2025-11-15 15:01:51.880] [INFO    ] Шахова дошка ініціалізована
[2025-11-15 15:01:51.880] [WARNING ] Спроба зробити хід, коли гра не в процесі
[2025-11-15 15:01:51.880] [DEBUG   ] Ініціалізація шахової дошки
[2025-11-15 15:01:51.880] [INFO    ] Шахова дошка ініціалізована
[2025-11-15 15:01:51.880] [WARNING ] Спроба зробити хід, коли гра не в процесі
[2025-11-15 15:01:51.880] [DEBUG   ] Ініціалізація шахової дошки
[2025-11-15 15:01:51.880] [INFO    ] Шахова дошка ініціалізована
[2025-11-15 15:01:51.880] [WARNING ] Спроба зробити хід, коли гра не в процесі
[2025-11-15 15:01:51.880] [DEBUG   ] Ініціалізація шахової дошки
[2025-11-15 15:01:51.880] [INFO    ] Шахова дошка ініціалізована
[2025-11-15 15:01:51.880] [WARNING ] Спроба зробити хід, коли гра не в процесі
[2025-11-15 15:01:51.880] [DEBUG   ] Ініціалізація шахової дошки
[2025-11-15 15:01:51.880] [INFO    ] Шахова дошка ініціалізована
[2025-11-15 15:01:51.880] [WARNING ] Спроба зробити хід, коли гра не в процесі
[2025-11-15 15:01:51.880] [DEBUG   ] Ініціалізація шахової дошки
[2025-11-15 15:01:51.880] [INFO    ] Шахова дошка ініціалізована
[2025-11-15 15:01:51.880] [WARNING ] Спроба зробити хід, коли гра не в процесі
[2025-11-15 15:01:51.880] [DEBUG   ] Ініціалізація шахової дошки
[2025-11-15 15:01:51.880] [INFO    ] Шахова дошка ініціалізована
[2025-11-15 15:01:51.880] [WARNING ] Спроба зробити хід, коли гра не в процесі
[2025-11-15 15:01:51.880] [DEBUG   ] Ініціалізація шахової дошки
[2025-11-15 15:01:51.880] [INFO    ] Шахова дошка ініціалізована
[2025-11-15 15:01:51.880] [WARNING ] Спроба зробити хід, коли гра не в процесі
[2025-11-15 15:01:51.880] [DEBUG   ] Ініціалізація шахової дошки
[2025-11-15 15:01:51.880] [INFO    ] Шахова дошка ініціалізована
[2025-11-15 15:01:51.880] [WARNING ] Спроба зробити хід, коли гра не в процесі
[2025-11-15 15:01:51.880] [DEBUG   ] Ініціалізація шахової дошки
[2025-11-15 15:01:51.880] [INFO    ] Шахова дошка ініціалізована
[2025-11-15 15:01:51.880] [WARNING ] Спроба зробити хід, коли гра не в процесі
[2025-11-15 15:01:51.880] [DEBUG   ] Ініціалізація шахової дошки
[2025-11-15 15:01:51.880] [INFO    ] Шахова дошка ініціалізована
[2025-11-15 15:01:51.880] [WARNING ] Спроба зробити хід, коли гра не в процесі
[2025-11-15 15:01:51.880] [DEBUG   ] Ініціалізація шахової дошки
[2025-11-15 15:01:51.880] [INFO    ] Шахова дошка ініціалізована
[2025-11-15 15:01:51.880] [WARNING ] Спроба зробити хід, коли гра не в процесі
[2025-11-15 15:01:51.880] [DEBUG   ] Ініціалізація шахової дошки
[2025-11-15 15:01:51.880] [INFO    ] Шахова дошка ініціалізована
[2025-11-15 15:01:51.880] [WARNING ] Спроба зробити хід, коли гра не в процесі
[2025-11-15 15:01:51.880] [DEBUG   ] Ініціалізація шахової дошки
[2025-11-15 15:01:51.880] [INFO    ] Шахова дошка ініціалізована
[2025-11-15 15:01:51.880] [WARNING ] Спроба зробити хід, коли гра не в процесі
[2025-11-15 15:01:51.880] [DEBUG   ] Ініціалізація шахової дошки
[2025-11-15 15:01:51.880] [INFO    ] Шахова дошка ініціалізована
[2025-11-15 15:01:51.880] [WARNING ] Спроба зробити хід, коли гра не в процесі
[2025-11-15 15:01:51.880] [DEBUG   ] Ініціалізація шахової дошки
[2025-11-15 15:01:51.880] [INFO    ] Шахова дошка ініціалізована
[2025-11-15 15:01:51.880] [WARNING ] Спроба зробити хід, коли гра не в процесі
[2025-11-15 15:01:51.880] [INFO    ] Хід виконано: Player2: (6, 3) -> (5, 3)
[2025-11-15 15:01:53.632] [INFO    ] Хід виконано: Player1: (1, 4) -> (3, 4)
[2025-11-15 15:01:53.634] [DEBUG   ] Ініціалізація шахової дошки
[2025-11-15 15:01:53.634] [INFO    ] Шахова дошка ініціалізована
[2025-11-15 15:01:53.634] [WARNING ] Невірний хід: Player2: (5, 3) -> (4, 3)
[2025-11-15 15:01:53.634] [DEBUG   ] Ініціалізація шахової дошки
[2025-11-15 15:01:53.634] [INFO    ] Шахова дошка ініціалізована
[2025-11-15 15:01:53.634] [WARNING ] Спроба зробити хід, коли гра не в процесі
[2025-11-15 15:01:53.634] [DEBUG   ] Ініціалізація шахової дошки
[2025-11-15 15:01:53.634] [INFO    ] Шахова дошка ініціалізована
[2025-11-15 15:01:53.634] [WARNING ] Спроба зробити хід, коли гра не в процесі
[2025-11-15 15:01:53.634] [DEBUG   ] Ініціалізація шахової дошки
[2025-11-15 15:01:53.634] [INFO    ] Шахова дошка ініціалізована
[2025-11-15 15:01:53.634] [WARNING ] Спроба зробити хід, коли гра не в процесі
[2025-11-15 15:01:53.634] [DEBUG   ] Ініціалізація шахової дошки
[2025-11-15 15:01:53.634] [INFO    ] Шахова дошка ініціалізована
[2025-11-15 15:01:53.634] [WARNING ] Спроба зробити хід, коли гра не в процесі
[2025-11-15 15:01:53.634] [DEBUG   ] Ініціалізація шахової дошки
[2025-11-15 15:01:53.634] [INFO    ] Шахова дошка ініціалізована
[2025-11-15 15:01:53.634] [WARNING ] Спроба зробити хід, коли гра не в процесі
[2025-11-15 15:01:53.634] [DEBUG   ] Ініціалізація шахової дошки
[2025-11-15 15:01:53.634] [INFO    ] Шахова дошка ініціалізована
[2025-11-15 15:01:53.634] [WARNING ] Спроба зробити хід, коли гра не в процесі
[2025-11-15 15:01:53.634] [DEBUG   ] Ініціалізація шахової дошки
[2025-11-15 15:01:53.634] [INFO    ] Шахова дошка ініціалізована
[2025-11-15 15:01:53.634] [WARNING ] Спроба зробити хід, коли гра не в процесі
[2025-11-15 15:01:53.634] [DEBUG   ] Ініціалізація шахової дошки
[2025-11-15 15:01:53.634] [INFO    ] Шахова дошка ініціалізована
[2025-11-15 15:01:53.634] [WARNING ] Спроба зробити хід, коли гра не в процесі
[2025-11-15 15:01:53.634] [DEBUG   ] Ініціалізація шахової дошки
[2025-11-15 15:01:53.634] [INFO    ] Шахова дошка ініціалізована
[2025-11-15 15:01:53.634] [WARNING ] Спроба зробити хід, коли гра не в процесі
[2025-11-15 15:01:53.634] [DEBUG   ] Ініціалізація шахової дошки
[2025-11-15 15:01:53.634] [INFO    ] Шахова дошка ініціалізована
[2025-11-15 15:01:53.634] [WARNING ] Спроба зробити хід, коли гра не в процесі
[2025-11-15 15:01:53.634] [DEBUG   ] Ініціалізація шахової дошки
[2025-11-15 15:01:53.634] [INFO    ] Шахова дошка ініціалізована
[2025-11-15 15:01:53.634] [WARNING ] Спроба зробити хід, коли гра не в процесі
[2025-11-15 15:01:53.634] [DEBUG   ] Ініціалізація шахової дошки
[2025-11-15 15:01:53.634] [INFO    ] Шахова дошка ініціалізована
[2025-11-15 15:01:53.634] [WARNING ] Спроба зробити хід, коли гра не в процесі
[2025-11-15 15:01:53.634] [DEBUG   ] Ініціалізація шахової дошки
[2025-11-15 15:01:53.634] [INFO    ] Шахова дошка ініціалізована
[2025-11-15 15:01:53.634] [WARNING ] Спроба зробити хід, коли гра не в процесі
[2025-11-15 15:01:53.634] [DEBUG   ] Ініціалізація шахової дошки
[2025-11-15 15:01:53.634] [INFO    ] Шахова дошка ініціалізована
[2025-11-15 15:01:53.634] [WARNING ] Спроба зробити хід, коли гра не в процесі
[2025-11-15 15:01:53.634] [DEBUG   ] Ініціалізація шахової дошки
[2025-11-15 15:01:53.634] [INFO    ] Шахова дошка ініціалізована
[2025-11-15 15:01:53.634] [WARNING ] Спроба зробити хід, коли гра не в процесі
[2025-11-15 15:01:53.634] [DEBUG   ] Ініціалізація шахової дошки
[2025-11-15 15:01:53.634] [INFO    ] Шахова дошка ініціалізована
[2025-11-15 15:01:53.634] [WARNING ] Спроба зробити хід, коли гра не в процесі
[2025-11-15 15:01:53.634] [DEBUG   ] Ініціалізація шахової дошки
[2025-11-15 15:01:53.634] [INFO    ] Шахова дошка ініціалізована
[2025-11-15 15:01:53.634] [WARNING ] Невірний хід: Player2: (7, 1) -> (6, 3)
[2025-11-15 15:01:53.634] [DEBUG   ] Ініціалізація шахової дошки
[2025-11-15 15:01:53.634] [INFO    ] Шахова дошка ініціалізована
[2025-11-15 15:01:53.634] [WARNING ] Невірний хід: Player2: (7, 2) -> (6, 3)
[2025-11-15 15:01:53.634] [DEBUG   ] Ініціалізація шахової дошки
[2025-11-15 15:01:53.634] [INFO    ] Шахова дошка ініціалізована
[2025-11-15 15:01:53.634] [WARNING ] Невірний хід: Player2: (7, 2) -> (5, 4)
[2025-11-15 15:01:53.634] [DEBUG   ] Ініціалізація шахової дошки
[2025-11-15 15:01:53.634] [INFO    ] Шахова дошка ініціалізована
[2025-11-15 15:01:53.634] [WARNING ] Невірний хід: Player2: (7, 2) -> (4, 5)
[2025-11-15 15:01:53.634] [DEBUG   ] Ініціалізація шахової дошки
[2025-11-15 15:01:53.634] [INFO    ] Шахова дошка ініціалізована
[2025-11-15 15:01:53.634] [WARNING ] Невірний хід: Player2: (7, 2) -> (3, 6)
[2025-11-15 15:01:53.634] [DEBUG   ] Ініціалізація шахової дошки
[2025-11-15 15:01:53.634] [INFO    ] Шахова дошка ініціалізована
[2025-11-15 15:01:53.634] [WARNING ] Невірний хід: Player2: (7, 2) -> (2, 7)
[2025-11-15 15:01:53.635] [DEBUG   ] Ініціалізація шахової дошки
[2025-11-15 15:01:53.635] [INFO    ] Шахова дошка ініціалізована
[2025-11-15 15:01:53.635] [WARNING ] Невірний хід: Player2: (7, 3) -> (6, 3)
[2025-11-15 15:01:53.635] [DEBUG   ] Ініціалізація шахової дошки
[2025-11-15 15:01:53.635] [INFO    ] Шахова дошка ініціалізована
[2025-11-15 15:01:53.635] [WARNING ] Невірний хід: Player2: (7, 4) -> (6, 3)
[2025-11-15 15:01:53.635] [DEBUG   ] Ініціалізація шахової дошки
[2025-11-15 15:01:53.635] [INFO    ] Шахова дошка ініціалізована
[2025-11-15 15:01:53.635] [WARNING ] Спроба зробити хід, коли гра не в процесі
[2025-11-15 15:01:53.635] [DEBUG   ] Ініціалізація шахової дошки
[2025-11-15 15:01:53.635] [INFO    ] Шахова дошка ініціалізована
[2025-11-15 15:01:53.635] [WARNING ] Спроба зробити хід, коли гра не в процесі
[2025-11-15 15:01:53.635] [INFO    ] Хід виконано: Player2: (6, 7) -> (4, 7)
[2025-11-15 15:01:55.227] [INFO    ] Хід виконано: Player1: (0, 5) -> (2, 3)
[2025-11-15 15:01:55.229] [DEBUG   ] Ініціалізація шахової дошки
[2025-11-15 15:01:55.229] [INFO    ] Шахова дошка ініціалізована
[2025-11-15 15:01:55.229] [WARNING ] Невірний хід: Player2: (4, 7) -> (3, 7)
[2025-11-15 15:01:55.229] [DEBUG   ] Ініціалізація шахової дошки
[2025-11-15 15:01:55.229] [INFO    ] Шахова дошка ініціалізована
[2025-11-15 15:01:55.229] [WARNING ] Невірний хід: Player2: (5, 3) -> (4, 3)
[2025-11-15 15:01:55.229] [DEBUG   ] Ініціалізація шахової дошки
[2025-11-15 15:01:55.229] [INFO    ] Шахова дошка ініціалізована
[2025-11-15 15:01:55.229] [WARNING ] Спроба зробити хід, коли гра не в процесі
[2025-11-15 15:01:55.229] [DEBUG   ] Ініціалізація шахової дошки
[2025-11-15 15:01:55.229] [INFO    ] Шахова дошка ініціалізована
[2025-11-15 15:01:55.229] [WARNING ] Спроба зробити хід, коли гра не в процесі
[2025-11-15 15:01:55.229] [DEBUG   ] Ініціалізація шахової дошки
[2025-11-15 15:01:55.229] [INFO    ] Шахова дошка ініціалізована
[2025-11-15 15:01:55.229] [WARNING ] Спроба зробити хід, коли гра не в процесі
[2025-11-15 15:01:55.229] [DEBUG   ] Ініціалізація шахової дошки
[2025-11-15 15:01:55.229] [INFO    ] Шахова дошка ініціалізована
[2025-11-15 15:01:55.229] [WARNING ] Спроба зробити хід, коли гра не в процесі
[2025-11-15 15:01:55.229] [DEBUG   ] Ініціалізація шахової дошки
[2025-11-15 15:01:55.229] [INFO    ] Шахова дошка ініціалізована
[2025-11-15 15:01:55.229] [WARNING ] Спроба зробити хід, коли гра не в процесі
[2025-11-15 15:01:55.229] [DEBUG   ] Ініціалізація шахової дошки
[2025-11-15 15:01:55.229] [INFO    ] Шахова дошка ініціалізована
[2025-11-15 15:01:55.229] [WARNING ] Спроба зробити хід, коли гра не в процесі
[2025-11-15 15:01:55.229] [DEBUG   ] Ініціалізація шахової дошки
[2025-11-15 15:01:55.229] [INFO    ] Шахова дошка ініціалізована
[2025-11-15 15:01:55.229] [WARNING ] Спроба зробити хід, коли гра не в процесі
[2025-11-15 15:01:55.229] [DEBUG   ] Ініціалізація шахової дошки
[2025-11-15 15:01:55.229] [INFO    ] Шахова дошка ініціалізована
[2025-11-15 15:01:55.229] [WARNING ] Спроба зробити хід, коли гра не в процесі
[2025-11-15 15:01:55.229] [DEBUG   ] Ініціалізація шахової дошки
[2025-11-15 15:01:55.229] [INFO    ] Шахова дошка ініціалізована
[2025-11-15 15:01:55.229] [WARNING ] Спроба зробити хід, коли гра не в процесі
[2025-11-15 15:01:55.229] [DEBUG   ] Ініціалізація шахової дошки
[2025-11-15 15:01:55.229] [INFO    ] Шахова дошка ініціалізована
[2025-11-15 15:01:55.229] [WARNING ] Спроба зробити хід, коли гра не в процесі
[2025-11-15 15:01:55.229] [DEBUG   ] Ініціалізація шахової дошки
[2025-11-15 15:01:55.229] [INFO    ] Шахова дошка ініціалізована
[2025-11-15 15:01:55.229] [WARNING ] Спроба зробити хід, коли гра не в процесі
[2025-11-15 15:01:55.229] [DEBUG   ] Ініціалізація шахової дошки
[2025-11-15 15:01:55.229] [INFO    ] Шахова дошка ініціалізована
[2025-11-15 15:01:55.229] [WARNING ] Спроба зробити хід, коли гра не в процесі
[2025-11-15 15:01:55.229] [DEBUG   ] Ініціалізація шахової дошки
[2025-11-15 15:01:55.229] [INFO    ] Шахова дошка ініціалізована
[2025-11-15 15:01:55.229] [WARNING ] Спроба зробити хід, коли гра не в процесі
[2025-11-15 15:01:55.229] [DEBUG   ] Ініціалізація шахової дошки
[2025-11-15 15:01:55.229] [INFO    ] Шахова дошка ініціалізована
[2025-11-15 15:01:55.229] [WARNING ] Спроба зробити хід, коли гра не в процесі
[2025-11-15 15:01:55.229] [DEBUG   ] Ініціалізація шахової дошки
[2025-11-15 15:01:55.229] [INFO    ] Шахова дошка ініціалізована
[2025-11-15 15:01:55.229] [WARNING ] Невірний хід: Player2: (7, 1) -> (6, 3)
[2025-11-15 15:01:55.229] [DEBUG   ] Ініціалізація шахової дошки
[2025-11-15 15:01:55.229] [INFO    ] Шахова дошка ініціалізована
[2025-11-15 15:01:55.229] [WARNING ] Невірний хід: Player2: (7, 2) -> (6, 3)
[2025-11-15 15:01:55.229] [DEBUG   ] Ініціалізація шахової дошки
[2025-11-15 15:01:55.229] [INFO    ] Шахова дошка ініціалізована
[2025-11-15 15:01:55.229] [WARNING ] Невірний хід: Player2: (7, 2) -> (5, 4)
[2025-11-15 15:01:55.229] [DEBUG   ] Ініціалізація шахової дошки
[2025-11-15 15:01:55.229] [INFO    ] Шахова дошка ініціалізована
[2025-11-15 15:01:55.229] [WARNING ] Невірний хід: Player2: (7, 2) -> (4, 5)
[2025-11-15 15:01:55.229] [DEBUG   ] Ініціалізація шахової дошки
[2025-11-15 15:01:55.229] [INFO    ] Шахова дошка ініціалізована
[2025-11-15 15:01:55.229] [WARNING ] Невірний хід: Player2: (7, 2) -> (3, 6)
[2025-11-15 15:01:55.229] [DEBUG   ] Ініціалізація шахової дошки
[2025-11-15 15:01:55.229] [INFO    ] Шахова дошка ініціалізована
[2025-11-15 15:01:55.229] [WARNING ] Невірний хід: Player2: (7, 2) -> (2, 7)
[2025-11-15 15:01:55.229] [DEBUG   ] Ініціалізація шахової дошки
[2025-11-15 15:01:55.229] [INFO    ] Шахова дошка ініціалізована
[2025-11-15 15:01:55.229] [WARNING ] Невірний хід: Player2: (7, 3) -> (6, 3)
[2025-11-15 15:01:55.229] [DEBUG   ] Ініціалізація шахової дошки
[2025-11-15 15:01:55.229] [INFO    ] Шахова дошка ініціалізована
[2025-11-15 15:01:55.229] [WARNING ] Невірний хід: Player2: (7, 4) -> (6, 3)
[2025-11-15 15:01:55.229] [DEBUG   ] Ініціалізація шахової дошки
[2025-11-15 15:01:55.229] [INFO    ] Шахова дошка ініціалізована
[2025-11-15 15:01:55.229] [WARNING ] Спроба зробити хід, коли гра не в процесі
[2025-11-15 15:01:55.229] [DEBUG   ] Ініціалізація шахової дошки
[2025-11-15 15:01:55.229] [INFO    ] Шахова дошка ініціалізована
[2025-11-15 15:01:55.229] [WARNING ] Спроба зробити хід, коли гра не в процесі
[2025-11-15 15:01:55.229] [DEBUG   ] Ініціалізація шахової дошки
[2025-11-15 15:01:55.229] [INFO    ] Шахова дошка ініціалізована
[2025-11-15 15:01:55.229] [WARNING ] Невірний хід: Player2: (7, 7) -> (6, 7)
[2025-11-15 15:01:55.229] [DEBUG   ] Ініціалізація шахової дошки
[2025-11-15 15:01:55.229] [INFO    ] Шахова дошка ініціалізована
[2025-11-15 15:01:55.229] [WARNING ] Невірний хід: Player2: (7, 7) -> (5, 7)
[2025-11-15 15:01:55.229] [INFO    ] Хід виконано: Player2: (7, 7) -> (6, 7)
[2025-11-15 15:01:57.602] [INFO    ] Хід виконано: Player1: (3, 4) -> (4, 4)
[2025-11-15 15:01:57.604] [DEBUG   ] Ініціалізація шахової дошки
[2025-11-15 15:01:57.604] [INFO    ] Шахова дошка ініціалізована
[2025-11-15 15:01:57.604] [WARNING ] Невірний хід: Player2: (4, 7) -> (3, 7)
[2025-11-15 15:01:57.604] [DEBUG   ] Ініціалізація шахової дошки
[2025-11-15 15:01:57.604] [INFO    ] Шахова дошка ініціалізована
[2025-11-15 15:01:57.604] [WARNING ] Невірний хід: Player2: (5, 3) -> (4, 3)
[2025-11-15 15:01:57.604] [DEBUG   ] Ініціалізація шахової дошки
[2025-11-15 15:01:57.604] [INFO    ] Шахова дошка ініціалізована
[2025-11-15 15:01:57.604] [WARNING ] Невірний хід: Player2: (5, 3) -> (4, 4)
[2025-11-15 15:01:57.604] [DEBUG   ] Ініціалізація шахової дошки
[2025-11-15 15:01:57.604] [INFO    ] Шахова дошка ініціалізована
[2025-11-15 15:01:57.604] [WARNING ] Спроба зробити хід, коли гра не в процесі
[2025-11-15 15:01:57.604] [DEBUG   ] Ініціалізація шахової дошки
[2025-11-15 15:01:57.604] [INFO    ] Шахова дошка ініціалізована
[2025-11-15 15:01:57.604] [WARNING ] Спроба зробити хід, коли гра не в процесі
[2025-11-15 15:01:57.604] [DEBUG   ] Ініціалізація шахової дошки
[2025-11-15 15:01:57.604] [INFO    ] Шахова дошка ініціалізована
[2025-11-15 15:01:57.604] [WARNING ] Спроба зробити хід, коли гра не в процесі
[2025-11-15 15:01:57.604] [DEBUG   ] Ініціалізація шахової дошки
[2025-11-15 15:01:57.604] [INFO    ] Шахова дошка ініціалізована
[2025-11-15 15:01:57.604] [WARNING ] Спроба зробити хід, коли гра не в процесі
[2025-11-15 15:01:57.604] [DEBUG   ] Ініціалізація шахової дошки
[2025-11-15 15:01:57.604] [INFO    ] Шахова дошка ініціалізована
[2025-11-15 15:01:57.604] [WARNING ] Спроба зробити хід, коли гра не в процесі
[2025-11-15 15:01:57.604] [DEBUG   ] Ініціалізація шахової дошки
[2025-11-15 15:01:57.604] [INFO    ] Шахова дошка ініціалізована
[2025-11-15 15:01:57.604] [WARNING ] Спроба зробити хід, коли гра не в процесі
[2025-11-15 15:01:57.604] [DEBUG   ] Ініціалізація шахової дошки
[2025-11-15 15:01:57.604] [INFO    ] Шахова дошка ініціалізована
[2025-11-15 15:01:57.604] [WARNING ] Спроба зробити хід, коли гра не в процесі
[2025-11-15 15:01:57.604] [DEBUG   ] Ініціалізація шахової дошки
[2025-11-15 15:01:57.604] [INFO    ] Шахова дошка ініціалізована
[2025-11-15 15:01:57.604] [WARNING ] Спроба зробити хід, коли гра не в процесі
[2025-11-15 15:01:57.604] [DEBUG   ] Ініціалізація шахової дошки
[2025-11-15 15:01:57.604] [INFO    ] Шахова дошка ініціалізована
[2025-11-15 15:01:57.604] [WARNING ] Спроба зробити хід, коли гра не в процесі
[2025-11-15 15:01:57.604] [DEBUG   ] Ініціалізація шахової дошки
[2025-11-15 15:01:57.604] [INFO    ] Шахова дошка ініціалізована
[2025-11-15 15:01:57.604] [WARNING ] Спроба зробити хід, коли гра не в процесі
[2025-11-15 15:01:57.604] [DEBUG   ] Ініціалізація шахової дошки
[2025-11-15 15:01:57.604] [INFO    ] Шахова дошка ініціалізована
[2025-11-15 15:01:57.604] [WARNING ] Спроба зробити хід, коли гра не в процесі
[2025-11-15 15:01:57.604] [DEBUG   ] Ініціалізація шахової дошки
[2025-11-15 15:01:57.604] [INFO    ] Шахова дошка ініціалізована
[2025-11-15 15:01:57.604] [WARNING ] Спроба зробити хід, коли гра не в процесі
[2025-11-15 15:01:57.604] [DEBUG   ] Ініціалізація шахової дошки
[2025-11-15 15:01:57.604] [INFO    ] Шахова дошка ініціалізована
[2025-11-15 15:01:57.604] [WARNING ] Невірний хід: Player2: (6, 7) -> (7, 7)
[2025-11-15 15:01:57.604] [DEBUG   ] Ініціалізація шахової дошки
[2025-11-15 15:01:57.604] [INFO    ] Шахова дошка ініціалізована
[2025-11-15 15:01:57.604] [WARNING ] Спроба зробити хід, коли гра не в процесі
[2025-11-15 15:01:57.604] [DEBUG   ] Ініціалізація шахової дошки
[2025-11-15 15:01:57.604] [INFO    ] Шахова дошка ініціалізована
[2025-11-15 15:01:57.604] [WARNING ] Спроба зробити хід, коли гра не в процесі
[2025-11-15 15:01:57.604] [DEBUG   ] Ініціалізація шахової дошки
[2025-11-15 15:01:57.604] [INFO    ] Шахова дошка ініціалізована
[2025-11-15 15:01:57.604] [WARNING ] Невірний хід: Player2: (7, 1) -> (6, 3)
[2025-11-15 15:01:57.604] [DEBUG   ] Ініціалізація шахової дошки
[2025-11-15 15:01:57.604] [INFO    ] Шахова дошка ініціалізована
[2025-11-15 15:01:57.604] [WARNING ] Невірний хід: Player2: (7, 2) -> (6, 3)
[2025-11-15 15:01:57.604] [DEBUG   ] Ініціалізація шахової дошки
[2025-11-15 15:01:57.604] [INFO    ] Шахова дошка ініціалізована
[2025-11-15 15:01:57.604] [WARNING ] Невірний хід: Player2: (7, 2) -> (5, 4)
[2025-11-15 15:01:57.604] [DEBUG   ] Ініціалізація шахової дошки
[2025-11-15 15:01:57.604] [INFO    ] Шахова дошка ініціалізована
[2025-11-15 15:01:57.604] [WARNING ] Невірний хід: Player2: (7, 2) -> (4, 5)
[2025-11-15 15:01:57.604] [DEBUG   ] Ініціалізація шахової дошки
[2025-11-15 15:01:57.604] [INFO    ] Шахова дошка ініціалізована
[2025-11-15 15:01:57.604] [WARNING ] Невірний хід: Player2: (7, 2) -> (3, 6)
[2025-11-15 15:01:57.604] [DEBUG   ] Ініціалізація шахової дошки
[2025-11-15 15:01:57.604] [INFO    ] Шахова дошка ініціалізована
[2025-11-15 15:01:57.604] [WARNING ] Невірний хід: Player2: (7, 2) -> (2, 7)
[2025-11-15 15:01:57.604] [DEBUG   ] Ініціалізація шахової дошки
[2025-11-15 15:01:57.604] [INFO    ] Шахова дошка ініціалізована
[2025-11-15 15:01:57.604] [WARNING ] Невірний хід: Player2: (7, 3) -> (6, 3)
[2025-11-15 15:01:57.604] [DEBUG   ] Ініціалізація шахової дошки
[2025-11-15 15:01:57.604] [INFO    ] Шахова дошка ініціалізована
[2025-11-15 15:01:57.604] [WARNING ] Невірний хід: Player2: (7, 4) -> (6, 3)
[2025-11-15 15:01:57.604] [DEBUG   ] Ініціалізація шахової дошки
[2025-11-15 15:01:57.604] [INFO    ] Шахова дошка ініціалізована
[2025-11-15 15:01:57.604] [WARNING ] Спроба зробити хід, коли гра не в процесі
[2025-11-15 15:01:57.604] [DEBUG   ] Ініціалізація шахової дошки
[2025-11-15 15:01:57.604] [INFO    ] Шахова дошка ініціалізована
[2025-11-15 15:01:57.604] [WARNING ] Спроба зробити хід, коли гра не в процесі
[2025-11-15 15:01:57.604] [INFO    ] Хід виконано: Player2: (6, 6) -> (5, 6)
[2025-11-15 15:02:01.105] [INFO    ] Хід виконано: Player1: (2, 3) -> (5, 6)
[2025-11-15 15:02:01.107] [DEBUG   ] Ініціалізація шахової дошки
[2025-11-15 15:02:01.107] [INFO    ] Шахова дошка ініціалізована
[2025-11-15 15:02:01.107] [WARNING ] Невірний хід: Player2: (4, 7) -> (3, 7)
[2025-11-15 15:02:01.107] [DEBUG   ] Ініціалізація шахової дошки
[2025-11-15 15:02:01.107] [INFO    ] Шахова дошка ініціалізована
[2025-11-15 15:02:01.107] [WARNING ] Невірний хід: Player2: (5, 3) -> (4, 3)
[2025-11-15 15:02:01.107] [DEBUG   ] Ініціалізація шахової дошки
[2025-11-15 15:02:01.107] [INFO    ] Шахова дошка ініціалізована
[2025-11-15 15:02:01.107] [WARNING ] Невірний хід: Player2: (5, 3) -> (4, 4)
[2025-11-15 15:02:01.107] [DEBUG   ] Ініціалізація шахової дошки
[2025-11-15 15:02:01.107] [INFO    ] Шахова дошка ініціалізована
[2025-11-15 15:02:01.107] [WARNING ] Спроба зробити хід, коли гра не в процесі
[2025-11-15 15:02:01.107] [DEBUG   ] Ініціалізація шахової дошки
[2025-11-15 15:02:01.107] [INFO    ] Шахова дошка ініціалізована
[2025-11-15 15:02:01.107] [WARNING ] Спроба зробити хід, коли гра не в процесі
[2025-11-15 15:02:01.107] [DEBUG   ] Ініціалізація шахової дошки
[2025-11-15 15:02:01.107] [INFO    ] Шахова дошка ініціалізована
[2025-11-15 15:02:01.107] [WARNING ] Спроба зробити хід, коли гра не в процесі
[2025-11-15 15:02:01.107] [DEBUG   ] Ініціалізація шахової дошки
[2025-11-15 15:02:01.107] [INFO    ] Шахова дошка ініціалізована
[2025-11-15 15:02:01.107] [WARNING ] Спроба зробити хід, коли гра не в процесі
[2025-11-15 15:02:01.107] [DEBUG   ] Ініціалізація шахової дошки
[2025-11-15 15:02:01.107] [INFO    ] Шахова дошка ініціалізована
[2025-11-15 15:02:01.107] [WARNING ] Спроба зробити хід, коли гра не в процесі
[2025-11-15 15:02:01.107] [DEBUG   ] Ініціалізація шахової дошки
[2025-11-15 15:02:01.107] [INFO    ] Шахова дошка ініціалізована
[2025-11-15 15:02:01.107] [WARNING ] Спроба зробити хід, коли гра не в процесі
[2025-11-15 15:02:01.107] [DEBUG   ] Ініціалізація шахової дошки
[2025-11-15 15:02:01.107] [INFO    ] Шахова дошка ініціалізована
[2025-11-15 15:02:01.107] [WARNING ] Спроба зробити хід, коли гра не в процесі
[2025-11-15 15:02:01.107] [DEBUG   ] Ініціалізація шахової дошки
[2025-11-15 15:02:01.107] [INFO    ] Шахова дошка ініціалізована
[2025-11-15 15:02:01.107] [WARNING ] Спроба зробити хід, коли гра не в процесі
[2025-11-15 15:02:01.107] [DEBUG   ] Ініціалізація шахової дошки
[2025-11-15 15:02:01.107] [INFO    ] Шахова дошка ініціалізована
[2025-11-15 15:02:01.107] [WARNING ] Спроба зробити хід, коли гра не в процесі
[2025-11-15 15:02:01.107] [DEBUG   ] Ініціалізація шахової дошки
[2025-11-15 15:02:01.107] [INFO    ] Шахова дошка ініціалізована
[2025-11-15 15:02:01.107] [WARNING ] Невірний хід: Player2: (6, 5) -> (5, 6)
[2025-11-15 15:02:01.107] [DEBUG   ] Ініціалізація шахової дошки
[2025-11-15 15:02:01.107] [INFO    ] Шахова дошка ініціалізована
[2025-11-15 15:02:01.107] [WARNING ] Спроба зробити хід, коли гра не в процесі
[2025-11-15 15:02:01.107] [DEBUG   ] Ініціалізація шахової дошки
[2025-11-15 15:02:01.107] [INFO    ] Шахова дошка ініціалізована
[2025-11-15 15:02:01.107] [WARNING ] Невірний хід: Player2: (6, 7) -> (7, 7)
[2025-11-15 15:02:01.107] [DEBUG   ] Ініціалізація шахової дошки
[2025-11-15 15:02:01.107] [INFO    ] Шахова дошка ініціалізована
[2025-11-15 15:02:01.107] [WARNING ] Невірний хід: Player2: (6, 7) -> (6, 6)
[2025-11-15 15:02:01.107] [DEBUG   ] Ініціалізація шахової дошки
[2025-11-15 15:02:01.107] [INFO    ] Шахова дошка ініціалізована
[2025-11-15 15:02:01.107] [WARNING ] Спроба зробити хід, коли гра не в процесі
[2025-11-15 15:02:01.107] [DEBUG   ] Ініціалізація шахової дошки
[2025-11-15 15:02:01.107] [INFO    ] Шахова дошка ініціалізована
[2025-11-15 15:02:01.107] [WARNING ] Спроба зробити хід, коли гра не в процесі
[2025-11-15 15:02:01.107] [DEBUG   ] Ініціалізація шахової дошки
[2025-11-15 15:02:01.107] [INFO    ] Шахова дошка ініціалізована
[2025-11-15 15:02:01.107] [WARNING ] Невірний хід: Player2: (7, 1) -> (6, 3)
[2025-11-15 15:02:01.107] [DEBUG   ] Ініціалізація шахової дошки
[2025-11-15 15:02:01.107] [INFO    ] Шахова дошка ініціалізована
[2025-11-15 15:02:01.107] [WARNING ] Невірний хід: Player2: (7, 2) -> (6, 3)
[2025-11-15 15:02:01.107] [DEBUG   ] Ініціалізація шахової дошки
[2025-11-15 15:02:01.107] [INFO    ] Шахова дошка ініціалізована
[2025-11-15 15:02:01.107] [WARNING ] Невірний хід: Player2: (7, 2) -> (5, 4)
[2025-11-15 15:02:01.107] [DEBUG   ] Ініціалізація шахової дошки
[2025-11-15 15:02:01.107] [INFO    ] Шахова дошка ініціалізована
[2025-11-15 15:02:01.107] [WARNING ] Невірний хід: Player2: (7, 2) -> (4, 5)
[2025-11-15 15:02:01.107] [DEBUG   ] Ініціалізація шахової дошки
[2025-11-15 15:02:01.107] [INFO    ] Шахова дошка ініціалізована
[2025-11-15 15:02:01.107] [WARNING ] Невірний хід: Player2: (7, 2) -> (3, 6)
[2025-11-15 15:02:01.107] [DEBUG   ] Ініціалізація шахової дошки
[2025-11-15 15:02:01.107] [INFO    ] Шахова дошка ініціалізована
[2025-11-15 15:02:01.107] [WARNING ] Невірний хід: Player2: (7, 2) -> (2, 7)
[2025-11-15 15:02:01.107] [DEBUG   ] Ініціалізація шахової дошки
[2025-11-15 15:02:01.107] [INFO    ] Шахова дошка ініціалізована
[2025-11-15 15:02:01.107] [WARNING ] Невірний хід: Player2: (7, 3) -> (6, 3)
[2025-11-15 15:02:01.107] [DEBUG   ] Ініціалізація шахової дошки
[2025-11-15 15:02:01.107] [INFO    ] Шахова дошка ініціалізована
[2025-11-15 15:02:01.107] [WARNING ] Невірний хід: Player2: (7, 4) -> (6, 3)
[2025-11-15 15:02:01.107] [DEBUG   ] Ініціалізація шахової дошки
[2025-11-15 15:02:01.107] [INFO    ] Шахова дошка ініціалізована
[2025-11-15 15:02:01.107] [WARNING ] Невірний хід: Player2: (7, 5) -> (6, 6)
[2025-11-15 15:02:01.107] [DEBUG   ] Ініціалізація шахової дошки
[2025-11-15 15:02:01.107] [INFO    ] Шахова дошка ініціалізована
[2025-11-15 15:02:01.107] [WARNING ] Невірний хід: Player2: (7, 5) -> (5, 7)
[2025-11-15 15:02:01.107] [DEBUG   ] Ініціалізація шахової дошки
[2025-11-15 15:02:01.107] [INFO    ] Шахова дошка ініціалізована
[2025-11-15 15:02:01.107] [WARNING ] Спроба зробити хід, коли гра не в процесі
[2025-11-15 15:02:01.107] [DEBUG   ] Ініціалізація шахової дошки
[2025-11-15 15:02:01.107] [INFO    ] Шахова дошка ініціалізована
[2025-11-15 15:02:01.107] [WARNING ] Спроба зробити хід, коли гра не в процесі
[2025-11-15 15:02:01.107] [INFO    ] Хід виконано: Player2: (6, 1) -> (5, 1)
[2025-11-15 15:02:08.316] [WARNING ] Невірний хід: Player1: (4, 4) -> (5, 6)
[2025-11-15 15:02:10.369] [INFO    ] Хід виконано: Player1: (5, 6) -> (6, 5)
[2025-11-15 15:02:10.371] [DEBUG   ] Ініціалізація шахової дошки
[2025-11-15 15:02:10.371] [INFO    ] Шахова дошка ініціалізована
[2025-11-15 15:02:10.371] [WARNING ] Невірний хід: Player2: (4, 7) -> (3, 7)
[2025-11-15 15:02:10.371] [DEBUG   ] Ініціалізація шахової дошки
[2025-11-15 15:02:10.371] [INFO    ] Шахова дошка ініціалізована
[2025-11-15 15:02:10.371] [WARNING ] Невірний хід: Player2: (5, 1) -> (4, 1)
[2025-11-15 15:02:10.371] [DEBUG   ] Ініціалізація шахової дошки
[2025-11-15 15:02:10.371] [INFO    ] Шахова дошка ініціалізована
[2025-11-15 15:02:10.371] [WARNING ] Невірний хід: Player2: (5, 3) -> (4, 3)
[2025-11-15 15:02:10.371] [DEBUG   ] Ініціалізація шахової дошки
[2025-11-15 15:02:10.371] [INFO    ] Шахова дошка ініціалізована
[2025-11-15 15:02:10.371] [WARNING ] Невірний хід: Player2: (5, 3) -> (4, 4)
[2025-11-15 15:02:10.371] [DEBUG   ] Ініціалізація шахової дошки
[2025-11-15 15:02:10.371] [INFO    ] Шахова дошка ініціалізована
[2025-11-15 15:02:10.371] [WARNING ] Спроба зробити хід, коли гра не в процесі
[2025-11-15 15:02:10.371] [DEBUG   ] Ініціалізація шахової дошки
[2025-11-15 15:02:10.371] [INFO    ] Шахова дошка ініціалізована
[2025-11-15 15:02:10.371] [WARNING ] Спроба зробити хід, коли гра не в процесі
[2025-11-15 15:02:10.371] [DEBUG   ] Ініціалізація шахової дошки
[2025-11-15 15:02:10.371] [INFO    ] Шахова дошка ініціалізована
[2025-11-15 15:02:10.371] [WARNING ] Спроба зробити хід, коли гра не в процесі
[2025-11-15 15:02:10.371] [DEBUG   ] Ініціалізація шахової дошки
[2025-11-15 15:02:10.371] [INFO    ] Шахова дошка ініціалізована
[2025-11-15 15:02:10.371] [WARNING ] Спроба зробити хід, коли гра не в процесі
[2025-11-15 15:02:10.371] [DEBUG   ] Ініціалізація шахової дошки
[2025-11-15 15:02:10.371] [INFO    ] Шахова дошка ініціалізована
[2025-11-15 15:02:10.371] [WARNING ] Спроба зробити хід, коли гра не в процесі
[2025-11-15 15:02:10.371] [DEBUG   ] Ініціалізація шахової дошки
[2025-11-15 15:02:10.371] [INFO    ] Шахова дошка ініціалізована
[2025-11-15 15:02:10.371] [WARNING ] Спроба зробити хід, коли гра не в процесі
[2025-11-15 15:02:10.371] [DEBUG   ] Ініціалізація шахової дошки
[2025-11-15 15:02:10.371] [INFO    ] Шахова дошка ініціалізована
[2025-11-15 15:02:10.371] [WARNING ] Невірний хід: Player2: (6, 7) -> (7, 7)
[2025-11-15 15:02:10.371] [DEBUG   ] Ініціалізація шахової дошки
[2025-11-15 15:02:10.371] [INFO    ] Шахова дошка ініціалізована
[2025-11-15 15:02:10.371] [WARNING ] Невірний хід: Player2: (6, 7) -> (6, 6)
[2025-11-15 15:02:10.371] [DEBUG   ] Ініціалізація шахової дошки
[2025-11-15 15:02:10.371] [INFO    ] Шахова дошка ініціалізована
[2025-11-15 15:02:10.371] [WARNING ] Невірний хід: Player2: (6, 7) -> (6, 5)
[2025-11-15 15:02:10.371] [DEBUG   ] Ініціалізація шахової дошки
[2025-11-15 15:02:10.371] [INFO    ] Шахова дошка ініціалізована
[2025-11-15 15:02:10.371] [WARNING ] Спроба зробити хід, коли гра не в процесі
[2025-11-15 15:02:10.371] [DEBUG   ] Ініціалізація шахової дошки
[2025-11-15 15:02:10.371] [INFO    ] Шахова дошка ініціалізована
[2025-11-15 15:02:10.371] [WARNING ] Спроба зробити хід, коли гра не в процесі
[2025-11-15 15:02:10.371] [DEBUG   ] Ініціалізація шахової дошки
[2025-11-15 15:02:10.371] [INFO    ] Шахова дошка ініціалізована
[2025-11-15 15:02:10.371] [WARNING ] Невірний хід: Player2: (7, 1) -> (6, 3)
[2025-11-15 15:02:10.371] [DEBUG   ] Ініціалізація шахової дошки
[2025-11-15 15:02:10.371] [INFO    ] Шахова дошка ініціалізована
[2025-11-15 15:02:10.371] [WARNING ] Невірний хід: Player2: (7, 2) -> (6, 1)
[2025-11-15 15:02:10.371] [DEBUG   ] Ініціалізація шахової дошки
[2025-11-15 15:02:10.371] [INFO    ] Шахова дошка ініціалізована
[2025-11-15 15:02:10.371] [WARNING ] Невірний хід: Player2: (7, 2) -> (5, 0)
[2025-11-15 15:02:10.371] [DEBUG   ] Ініціалізація шахової дошки
[2025-11-15 15:02:10.371] [INFO    ] Шахова дошка ініціалізована
[2025-11-15 15:02:10.371] [WARNING ] Невірний хід: Player2: (7, 2) -> (6, 3)
[2025-11-15 15:02:10.371] [DEBUG   ] Ініціалізація шахової дошки
[2025-11-15 15:02:10.371] [INFO    ] Шахова дошка ініціалізована
[2025-11-15 15:02:10.371] [WARNING ] Невірний хід: Player2: (7, 2) -> (5, 4)
[2025-11-15 15:02:10.371] [DEBUG   ] Ініціалізація шахової дошки
[2025-11-15 15:02:10.371] [INFO    ] Шахова дошка ініціалізована
[2025-11-15 15:02:10.371] [WARNING ] Невірний хід: Player2: (7, 2) -> (4, 5)
[2025-11-15 15:02:10.371] [DEBUG   ] Ініціалізація шахової дошки
[2025-11-15 15:02:10.371] [INFO    ] Шахова дошка ініціалізована
[2025-11-15 15:02:10.371] [WARNING ] Невірний хід: Player2: (7, 2) -> (3, 6)
[2025-11-15 15:02:10.371] [DEBUG   ] Ініціалізація шахової дошки
[2025-11-15 15:02:10.371] [INFO    ] Шахова дошка ініціалізована
[2025-11-15 15:02:10.371] [WARNING ] Невірний хід: Player2: (7, 2) -> (2, 7)
[2025-11-15 15:02:10.371] [DEBUG   ] Ініціалізація шахової дошки
[2025-11-15 15:02:10.371] [INFO    ] Шахова дошка ініціалізована
[2025-11-15 15:02:10.371] [WARNING ] Невірний хід: Player2: (7, 3) -> (6, 3)
[2025-11-15 15:02:10.371] [DEBUG   ] Ініціалізація шахової дошки
[2025-11-15 15:02:10.371] [INFO    ] Шахова дошка ініціалізована
[2025-11-15 15:02:10.371] [WARNING ] Невірний хід: Player2: (7, 4) -> (6, 3)
[2025-11-15 15:02:10.371] [DEBUG   ] Ініціалізація шахової дошки
[2025-11-15 15:02:10.371] [INFO    ] Шахова дошка ініціалізована
[2025-11-15 15:02:10.371] [WARNING ] Невірний хід: Player2: (7, 4) -> (6, 5)
[2025-11-15 15:02:10.371] [DEBUG   ] Ініціалізація шахової дошки
[2025-11-15 15:02:10.371] [INFO    ] Шахова дошка ініціалізована
[2025-11-15 15:02:10.371] [WARNING ] Невірний хід: Player2: (7, 5) -> (6, 6)
[2025-11-15 15:02:10.371] [DEBUG   ] Ініціалізація шахової дошки
[2025-11-15 15:02:10.371] [INFO    ] Шахова дошка ініціалізована
[2025-11-15 15:02:10.371] [WARNING ] Невірний хід: Player2: (7, 5) -> (5, 7)
[2025-11-15 15:02:10.371] [DEBUG   ] Ініціалізація шахової дошки
[2025-11-15 15:02:10.371] [INFO    ] Шахова дошка ініціалізована
[2025-11-15 15:02:10.371] [WARNING ] Спроба зробити хід, коли гра не в процесі
[2025-11-15 15:02:10.371] [DEBUG   ] Ініціалізація шахової дошки
[2025-11-15 15:02:10.371] [INFO    ] Шахова дошка ініціалізована
[2025-11-15 15:02:10.371] [WARNING ] Спроба зробити хід, коли гра не в процесі
[2025-11-15 15:02:10.371] [INFO    ] Хід виконано: Player2: (7, 2) -> (2, 7)
[2025-11-15 15:02:14.072] [INFO    ] Хід виконано: Player1: (6, 5) -> (7, 4)
[2025-11-15 15:02:14.072] [INFO    ] Гра завершена: Player1 переміг (король Player2 захоплений)
[2025-11-15 15:02:21.465] [DEBUG   ] Ініціалізація шахової дошки
[2025-11-15 15:02:21.465] [INFO    ] Шахова дошка ініціалізована
[2025-11-15 15:02:21.465] [INFO    ] Початок нової шахової гри
[2025-11-15 15:02:21.465] [DEBUG   ] Ініціалізація шахової дошки
[2025-11-15 15:02:21.465] [INFO    ] Шахова дошка ініціалізована
[2025-11-15 15:35:52.881] [DEBUG   ] Ініціалізація шахової дошки
[2025-11-15 15:35:52.885] [INFO    ] Шахова дошка ініціалізована
[2025-11-15 15:35:52.885] [INFO    ] Початок нової шахової гри
[2025-11-15 15:35:52.885] [DEBUG   ] Ініціалізація шахової дошки
[2025-11-15 15:35:52.885] [INFO    ] Шахова дошка ініціалізована
[2025-11-15 15:35:55.045] [INFO    ] Хід виконано: Player1: (1, 2) -> (3, 2)
[2025-11-15 15:35:55.047] [INFO    ] Хід виконано: Player2: (6, 3) -> (5, 3)
[2025-11-15 15:35:58.205] [WARNING ] Невірний хід: Player1: (1, 4) -> (2, 5)
[2025-11-15 15:36:00.512] [INFO    ] Хід виконано: Player1: (1, 4) -> (3, 4)
[2025-11-15 15:36:00.513] [INFO    ] Хід виконано: Player2: (6, 2) -> (4, 2)
[2025-11-15 15:36:03.536] [DEBUG   ] Ініціалізація шахової дошки
[2025-11-15 15:36:03.537] [INFO    ] Шахова дошка ініціалізована
[2025-11-15 15:36:03.537] [INFO    ] Початок нової шахової гри
[2025-11-15 15:36:03.537] [DEBUG   ] Ініціалізація шахової дошки
[2025-11-15 15:36:03.537] [INFO    ] Шахова дошка ініціалізована
[2025-11-15 16:12:03.633] [DEBUG   ] Ініціалізація шахової дошки
[2025-11-15 16:12:03.634] [INFO    ] Шахова дошка ініціалізована
[2025-11-15 16:12:03.635] [INFO    ] Початок нової шахової гри
[2025-11-15 16:12:03.635] [DEBUG   ] Ініціалізація шахової дошки
[2025-11-15 16:12:03.635] [INFO    ] Шахова дошка ініціалізована
[2025-11-15 16:12:05.083] [INFO    ] Хід виконано: Player1: (1, 3) -> (3, 3)
[2025-11-15 16:29:49.731] [DEBUG   ] Ініціалізація шахової дошки
[2025-11-15 16:29:49.736] [INFO    ] Шахова дошка ініціалізована
[2025-11-15 16:29:49.736] [INFO    ] Початок нової шахової гри
[2025-11-15 16:29:49.736] [DEBUG   ] Ініціалізація шахової дошки
[2025-11-15 16:29:49.736] [INFO    ] Шахова дошка ініціалізована
[2025-11-15 16:29:51.115] [INFO    ] Хід виконано: Player1: (1, 3) -> (3, 3)
[2025-11-15 16:36:21.167] [DEBUG   ] Ініціалізація шахової дошки
[2025-11-15 16:36:21.172] [INFO    ] Шахова дошка ініціалізована
[2025-11-15 16:36:21.172] [INFO    ] Початок нової шахової гри
[2025-11-15 16:36:21.172] [DEBUG   ] Ініціалізація шахової дошки
[2025-11-15 16:36:21.172] [INFO    ] Шахова дошка ініціалізована
[2025-11-15 16:36:42.688] [DEBUG   ] Ініціалізація шахової дошки
[2025-11-15 16:36:42.688] [INFO    ] Шахова дошка ініціалізована
[2025-11-15 16:36:42.688] [INFO    ] Початок нової шахової гри
[2025-11-15 16:36:42.688] [DEBUG   ] Ініціалізація шахової дошки
[2025-11-15 16:36:42.688] [INFO    ] Шахова дошка ініціалізована
[2025-11-15 16:42:09.627] [DEBUG   ] Ініціалізація шахової дошки
[2025-11-15 16:42:09.631] [INFO    ] Шахова дошка ініціалізована
[2025-11-15 16:42:09.631] [INFO    ] Початок нової шахової гри
[2025-11-15 16:42:09.632] [DEBUG   ] Ініціалізація шахової дошки
[2025-11-15 16:42:09.632] [INFO    ] Шахова дошка ініціалізована
[2025-11-15 16:49:01.746] [DEBUG   ] Ініціалізація шахової дошки
[2025-11-15 16:49:01.750] [INFO    ] Шахова дошка ініціалізована
[2025-11-15 16:49:01.750] [INFO    ] Початок нової шахової гри
[2025-11-15 16:49:01.750] [DEBUG   ] Ініціалізація шахової дошки
[2025-11-15 16:49:01.750] [INFO    ] Шахова дошка ініціалізована
[2025-11-15 16:49:04.231] [INFO    ] Хід виконано: Player1: (1, 3) -> (3, 3)
[2025-11-15 16:49:11.251] [INFO    ] Хід виконано: Player2: (6, 4) -> (4, 4)
[2025-11-15 17:27:54.173] [DEBUG   ] Ініціалізація шахової дошки
[2025-11-15 17:27:54.177] [INFO    ] Шахова дошка ініціалізована
[2025-11-15 17:27:54.177] [INFO    ] Початок нової шахової гри
[2025-11-15 17:27:54.177] [DEBUG   ] Ініціалізація шахової дошки
[2025-11-15 17:27:54.177] [INFO    ] Шахова дошка ініціалізована
[2025-11-15 21:31:30.645] [DEBUG   ] Ініціалізація шахової дошки
[2025-11-15 21:31:30.650] [INFO    ] Шахова дошка ініціалізована
[2025-11-15 21:31:30.650] [INFO    ] Початок нової шахової гри
[2025-11-15 21:31:30.650] [DEBUG   ] Ініціалізація шахової дошки
[2025-11-15 21:31:30.650] [INFO    ] Шахова дошка ініціалізована
[2025-11-15 21:31:33.652] [INFO    ] Хід виконано: Player1: (1, 2) -> (3, 2)
[2025-11-15 21:31:35.456] [INFO    ] Хід виконано: Player2: (6, 3) -> (4, 3)
[2025-11-15 21:31:39.327] [INFO    ] Хід виконано: Player1: (1, 4) -> (3, 4)
[2025-11-15 21:31:42.382] [INFO    ] Хід виконано: Player2: (6, 2) -> (4, 2)
[2025-11-15 21:31:46.278] [INFO    ] Хід виконано: Player1: (3, 2) -> (4, 3)
[2025-11-15 21:31:48.635] [INFO    ] Хід виконано: Player2: (4, 2) -> (3, 2)
[2025-11-15 21:31:50.040] [WARNING ] Невірний хід: Player1: (4, 3) -> (3, 2)
[2025-11-15 21:31:51.268] [INFO    ] Хід виконано: Player1: (4, 3) -> (5, 3)
